<?xml version="1.0" encoding="UTF-8"?>
<!-- Generated by org.testng.reporters.JUnitReportReporter -->
<testsuite skipped="0" hostname="Pravins-MacBook-Pro.local" name="testRunner.TestNgRunner" tests="2" failures="0" timestamp="2022-12-21T22:28:32 IST" time="26.289" errors="0">
  <testcase name="runScenario" time="8.220" classname="testRunner.TestNgRunner"/>
  <testcase name="runScenario" time="18.069" classname="testRunner.TestNgRunner"/>
</testsuite> <!-- testRunner.TestNgRunner -->
