<?xml version="1.0" encoding="UTF-8"?>
<!-- Generated by org.testng.reporters.JUnitReportReporter -->
<testsuite skipped="0" hostname="Pravins-MacBook-Pro.local" name="testRunner.TestNgRunner" tests="3" failures="0" timestamp="2022-12-15T19:29:27 IST" time="28.718" errors="0">
  <testcase name="runScenario" time="6.606" classname="testRunner.TestNgRunner"/>
  <testcase name="runScenario" time="6.412" classname="testRunner.TestNgRunner"/>
  <testcase name="runScenario" time="15.700" classname="testRunner.TestNgRunner"/>
</testsuite> <!-- testRunner.TestNgRunner -->
