<?xml version="1.0" encoding="UTF-8"?>
<!-- Generated by org.testng.reporters.JUnitReportReporter -->
<testsuite skipped="0" hostname="Pravins-MacBook-Pro.local" name="testRunner.TestNgRunner" tests="2" failures="0" timestamp="2022-12-12T15:40:22 IST" time="27.365" errors="0">
  <testcase name="runScenario" time="9.421" classname="testRunner.TestNgRunner"/>
  <testcase name="runScenario" time="17.944" classname="testRunner.TestNgRunner"/>
</testsuite> <!-- testRunner.TestNgRunner -->
